<?xml version="1.0" encoding="UTF-8"?>
<Site BuildName="(empty)"
	BuildStamp="20230629-0047-Experimental"
	Name="dikshant-ROG-Strix-pc"
	Generator="ctest-3.26.3"
	CompilerName="/usr/bin/g++-8"
	CompilerVersion="8.4.0"
	OSName="Linux"
	Hostname="dikshant-ROG-Strix-pc"
	OSRelease="5.15.0-75-generic"
	OSVersion="#82~20.04.1-Ubuntu SMP Wed Jun 7 19:37:37 UTC 2023"
	OSPlatform="x86_64"
	Is64Bits="1"
	VendorString="GenuineIntel"
	VendorID="Intel Corporation"
	FamilyID="6"
	ModelID="154"
	ProcessorCacheSize="24576"
	NumberOfLogicalCPU="20"
	NumberOfPhysicalCPU="14"
	TotalVirtualMemory="2047"
	TotalPhysicalMemory="31750"
	LogicalProcessorsPerPhysical="1"
	ProcessorClockFrequency="3675.12"
	>
	<Testing>
		<StartDateTime>Jun 29 11:38 JST</StartDateTime>
		<StartTestTime>1688006305</StartTestTime>
		<TestList/>
		<EndDateTime>Jun 29 11:38 JST</EndDateTime>
		<EndTestTime>1688006305</EndTestTime>
		<ElapsedMinutes>0</ElapsedMinutes>
	</Testing>
</Site>
