<?xml version="1.0" encoding="UTF-8"?>
<Site BuildName="(empty)"
	BuildStamp="20240301-0237-Experimental"
	Name="dikshant-ROG-Strix-pc"
	Generator="ctest-3.26.3"
	CompilerName="/usr/bin/g++-8"
	CompilerVersion="8.4.0"
	OSName="Linux"
	Hostname="dikshant-ROG-Strix-pc"
	OSRelease="5.15.0-94-generic"
	OSVersion="#104~20.04.1-Ubuntu SMP Tue Jan 16 13:34:09 UTC 2024"
	OSPlatform="x86_64"
	Is64Bits="1"
	VendorString="GenuineIntel"
	VendorID="Intel Corporation"
	FamilyID="6"
	ModelID="154"
	ProcessorCacheSize="24576"
	NumberOfLogicalCPU="20"
	NumberOfPhysicalCPU="14"
	TotalVirtualMemory="2047"
	TotalPhysicalMemory="31749"
	LogicalProcessorsPerPhysical="1"
	ProcessorClockFrequency="3716.44"
	>
	<Testing>
		<StartDateTime>Mar 01 11:39 JST</StartDateTime>
		<StartTestTime>1709260751</StartTestTime>
		<TestList/>
		<EndDateTime>Mar 01 11:39 JST</EndDateTime>
		<EndTestTime>1709260751</EndTestTime>
		<ElapsedMinutes>0</ElapsedMinutes>
	</Testing>
</Site>
