<?xml version="1.0" encoding="UTF-8"?>
<Site BuildName="(empty)"
	BuildStamp="20231006-0043-Experimental"
	Name="dikshant-ROG-Strix-pc"
	Generator="ctest-3.26.3"
	CompilerName="/usr/bin/g++-8"
	CompilerVersion="8.4.0"
	OSName="Linux"
	Hostname="dikshant-ROG-Strix-pc"
	OSRelease="5.15.0-86-generic"
	OSVersion="#96~20.04.1-Ubuntu SMP Thu Sep 21 13:23:37 UTC 2023"
	OSPlatform="x86_64"
	Is64Bits="1"
	VendorString="GenuineIntel"
	VendorID="Intel Corporation"
	FamilyID="6"
	ModelID="154"
	ProcessorCacheSize="24576"
	NumberOfLogicalCPU="20"
	NumberOfPhysicalCPU="14"
	TotalVirtualMemory="2047"
	TotalPhysicalMemory="31749"
	LogicalProcessorsPerPhysical="1"
	ProcessorClockFrequency="3770.03"
	>
	<Testing>
		<StartDateTime>Oct 06 09:44 JST</StartDateTime>
		<StartTestTime>1696553048</StartTestTime>
		<TestList/>
		<EndDateTime>Oct 06 09:44 JST</EndDateTime>
		<EndTestTime>1696553048</EndTestTime>
		<ElapsedMinutes>0</ElapsedMinutes>
	</Testing>
</Site>
