<?xml version="1.0" encoding="UTF-8"?>
<Site BuildName="(empty)"
	BuildStamp="20240315-1002-Experimental"
	Name="dikshant-ROG-Strix-pc"
	Generator="ctest-3.26.3"
	CompilerName="/usr/bin/g++-8"
	CompilerVersion="8.4.0"
	OSName="Linux"
	Hostname="dikshant-ROG-Strix-pc"
	OSRelease="5.15.0-97-generic"
	OSVersion="#107~20.04.1-Ubuntu SMP Fri Feb 9 14:20:11 UTC 2024"
	OSPlatform="x86_64"
	Is64Bits="1"
	VendorString="GenuineIntel"
	VendorID="Intel Corporation"
	FamilyID="6"
	ModelID="154"
	ProcessorCacheSize="24576"
	NumberOfLogicalCPU="20"
	NumberOfPhysicalCPU="14"
	TotalVirtualMemory="2047"
	TotalPhysicalMemory="31749"
	LogicalProcessorsPerPhysical="1"
	ProcessorClockFrequency="3788.15"
	>
	<Testing>
		<StartDateTime>Mar 15 19:02 JST</StartDateTime>
		<StartTestTime>1710496957</StartTestTime>
		<TestList/>
		<EndDateTime>Mar 15 19:02 JST</EndDateTime>
		<EndTestTime>1710496957</EndTestTime>
		<ElapsedMinutes>0</ElapsedMinutes>
	</Testing>
</Site>
